[ Wed May 22 10:35:26 2024 ] [ SERVER STARTED ]
[ Wed May 22 10:35:27 2024 ] [ SERVER TURNED OFF ]
[ Wed May 22 10:42:05 2024 ] [ SERVER STARTED ]
[ Wed May 22 10:42:10 2024 ] [ Client connected: IP - 127.0.0.1 , FD - 5 ]
[ Wed May 22 10:42:12 2024 ] [ [ hii ] Name Added ]
[ Wed May 22 10:42:14 2024 ] [ [ hii ] sent invalid command ]
[ Wed May 22 10:42:20 2024 ] [ [ hii ] Requested Client list ]
[ Wed May 22 10:42:23 2024 ] [ Client connected: IP - 127.0.0.1 , FD - 6 ]
[ Wed May 22 10:42:25 2024 ] [ [ suresh ] Name Added ]
[ Wed May 22 10:42:27 2024 ] [ [ suresh ] Requested Client list ]
[ Wed May 22 10:42:32 2024 ] [ [ suresh --> hii ] connecting request ]
[ Wed May 22 10:42:32 2024 ] [ [  suresh --> hii ] connection established ]
[ Wed May 22 10:44:35 2024 ] [ [ hii ---> suresh ] disconnected with bye msg ... ]
[ Wed May 22 10:44:35 2024 ] [ [ hii ---> suresh ] chat over with ]
[ Wed May 22 10:44:39 2024 ] [ [ hii ] Requested Client list ]
[ Wed May 22 10:44:43 2024 ] [ [ suresh ] Terminate msg received ]
[ Wed May 22 10:44:43 2024 ] [ [ suresh ] Client disconnected... ]
[ Wed May 22 10:44:47 2024 ] [ Client connected: IP - 127.0.0.1 , FD - 6 ]
[ Wed May 22 10:44:49 2024 ] [ [ ramesh ] Name Added ]
[ Wed May 22 10:44:50 2024 ] [ [ ramesh ] Requested Client list ]
[ Wed May 22 10:44:54 2024 ] [ [ ramesh ] Trying to connect with itself ]
[ Wed May 22 10:44:59 2024 ] [ [ ramesh ] Trying to connect client with no name ]
[ Wed May 22 10:45:07 2024 ] [ [ ramesh --> hii ] connecting request ]
[ Wed May 22 10:45:07 2024 ] [ [  ramesh --> hii ] connection established ]
[ Wed May 22 11:02:27 2024 ] [ [ ramesh ] Terminate msg fron client while busy ]
[ Wed May 22 11:02:27 2024 ] [ [ ramesh ---> hii ] chat over ]
[ Wed May 22 11:02:27 2024 ] [ [ ramesh ] NULL Bytes Received ]
[ Wed May 22 11:02:27 2024 ] [ [ ramesh ] Client disconnected... ]
[ Wed May 22 11:02:45 2024 ] [ [ hii ] Requested Client list ]
[ Wed May 22 11:02:48 2024 ] [ [ hii ] Terminate msg received ]
[ Wed May 22 11:02:48 2024 ] [ [ hii ] Client disconnected... ]
[ Wed May 22 11:04:22 2024 ] [ SERVER TURNED OFF ]
[ Wed May 22 13:59:15 2024 ] [ SERVER STARTED ]
[ Wed May 22 13:59:24 2024 ] [ Client connected: IP - 127.0.0.1 , FD - 5 ]
[ Wed May 22 13:59:27 2024 ] [ [ hii ] Name Added ]
[ Wed May 22 13:59:29 2024 ] [ [ hii ] sent invalid command ]
[ Wed May 22 13:59:30 2024 ] [ [ hii ] sent invalid command ]
[ Wed May 22 13:59:32 2024 ] [ [ hii ] Requested Client list ]
[ Wed May 22 13:59:41 2024 ] [ Client connected: IP - 127.0.0.1 , FD - 6 ]
[ Wed May 22 13:59:43 2024 ] [ [ master ] Name Added ]
[ Wed May 22 13:59:45 2024 ] [ [ master ] Requested Client list ]
[ Wed May 22 13:59:48 2024 ] [ [ master --> hii ] connecting request ]
[ Wed May 22 13:59:48 2024 ] [ [  master --> hii ] connection established ]
[ Wed May 22 14:00:07 2024 ] [ [ hii ---> master ] disconnected with bye msg ... ]
[ Wed May 22 14:00:07 2024 ] [ [ hii ---> master ] chat over with ]
[ Wed May 22 14:00:09 2024 ] [ [ hii ] sent invalid command ]
[ Wed May 22 14:00:13 2024 ] [ [ master ] sent invalid command ]
[ Wed May 22 14:06:11 2024 ] [ [ master ] Terminate msg received ]
[ Wed May 22 14:06:11 2024 ] [ [ master ] Client disconnected... ]
[ Wed May 22 14:06:15 2024 ] [ Client connected: IP - 127.0.0.1 , FD - 6 ]
[ Wed May 22 14:06:17 2024 ] [ [ unknown ] Terminate msg received ]
[ Wed May 22 14:06:17 2024 ] [ [ unknown ] Client disconnected... ]
[ Wed May 22 14:06:20 2024 ] [ [ hii ] Client disconnected... ]
[ Wed May 22 14:06:20 2024 ] [ SERVER TURNED OFF ]
[ Wed May 22 14:06:28 2024 ] [ SERVER STARTED ]
[ Wed May 22 14:06:31 2024 ] [ Client connected: IP - 127.0.0.1 , FD - 5 ]
[ Wed May 22 14:06:33 2024 ] [ [ jigar ] Name Added ]
[ Wed May 22 14:06:36 2024 ] [ [ jigar ] sent invalid command ]
[ Wed May 22 14:06:37 2024 ] [ [ jigar ] sent invalid command ]
[ Wed May 22 14:06:39 2024 ] [ [ jigar ] Requested Client list ]
[ Wed May 22 14:06:42 2024 ] [ Client connected: IP - 127.0.0.1 , FD - 6 ]
[ Wed May 22 14:06:44 2024 ] [ [ mahesh ] Name Added ]
[ Wed May 22 14:06:46 2024 ] [ [ mahesh ] Requested Client list ]
[ Wed May 22 14:06:50 2024 ] [ [ jigar ] Requested Client list ]
[ Wed May 22 14:06:53 2024 ] [ [ jigar --> mahesh ] connecting request ]
[ Wed May 22 14:06:53 2024 ] [ [  jigar --> mahesh ] connection established ]
[ Wed May 22 14:08:01 2024 ] [ [ jigar ] Terminate msg fron client while busy ]
[ Wed May 22 14:08:01 2024 ] [ [ jigar ---> mahesh ] chat over ]
[ Wed May 22 14:08:01 2024 ] [ [ jigar ] NULL Bytes Received ]
[ Wed May 22 14:08:01 2024 ] [ [ jigar ] Client disconnected... ]
[ Wed May 22 14:08:05 2024 ] [ [ mahesh ] Terminate msg received ]
[ Wed May 22 14:08:05 2024 ] [ [ mahesh ] Client disconnected... ]
[ Wed May 22 14:08:08 2024 ] [ Client connected: IP - 127.0.0.1 , FD - 5 ]
[ Wed May 22 14:08:11 2024 ] [ [ jigar ] Name Added ]
[ Wed May 22 14:08:13 2024 ] [ Client connected: IP - 127.0.0.1 , FD - 6 ]
[ Wed May 22 14:08:20 2024 ] [ [ mahesh ] Name Added ]
[ Wed May 22 14:08:22 2024 ] [ [ mahesh ] Requested Client list ]
[ Wed May 22 14:08:24 2024 ] [ [ mahesh ] Trying to connect with itself ]
[ Wed May 22 14:08:29 2024 ] [ [ mahesh --> jigar ] connecting request ]
[ Wed May 22 14:08:29 2024 ] [ [  mahesh --> jigar ] connection established ]
[ Wed May 22 14:08:47 2024 ] [ [ mahesh ---> jigar ] disconnected with bye msg ... ]
[ Wed May 22 14:08:47 2024 ] [ [ mahesh ---> jigar ] chat over with ]
[ Wed May 22 14:08:50 2024 ] [ [ mahesh ] sent invalid command ]
[ Wed May 22 14:08:51 2024 ] [ [ mahesh ] sent invalid command ]
[ Wed May 22 14:08:52 2024 ] [ [ mahesh ] sent invalid command ]
[ Wed May 22 14:08:53 2024 ] [ [ mahesh ] sent invalid command ]
[ Wed May 22 14:08:54 2024 ] [ [ mahesh ] sent invalid command ]
[ Wed May 22 14:08:55 2024 ] [ [ jigar ] sent invalid command ]
[ Wed May 22 14:08:56 2024 ] [ [ jigar ] sent invalid command ]
[ Wed May 22 14:08:57 2024 ] [ [ jigar ] sent invalid command ]
[ Wed May 22 14:09:07 2024 ] [ [ jigar ] sent invalid command ]
[ Wed May 22 14:09:09 2024 ] [ [ jigar ] Requested Client list ]
[ Wed May 22 14:09:12 2024 ] [ [ jigar --> mahesh ] connecting request ]
[ Wed May 22 14:09:12 2024 ] [ [  jigar --> mahesh ] connection established ]
[ Wed May 22 14:09:22 2024 ] [ [ jigar ] Terminate msg fron client while busy ]
[ Wed May 22 14:09:22 2024 ] [ [ jigar ---> mahesh ] chat over ]
[ Wed May 22 14:09:22 2024 ] [ [ jigar ] NULL Bytes Received ]
[ Wed May 22 14:09:22 2024 ] [ [ jigar ] Client disconnected... ]
[ Wed May 22 14:09:29 2024 ] [ [ mahesh ] sent invalid command ]
[ Wed May 22 14:09:30 2024 ] [ [ mahesh ] Requested Client list ]
[ Wed May 22 14:09:33 2024 ] [ [ mahesh ] Terminate msg received ]
[ Wed May 22 14:09:33 2024 ] [ [ mahesh ] Client disconnected... ]
[ Wed May 22 14:10:16 2024 ] [ SERVER TURNED OFF ]
[ Wed May 22 14:31:42 2024 ] [ SERVER STARTED ]
[ Wed May 22 14:31:45 2024 ] [ Client connected: IP - 127.0.0.1 , FD - 5 ]
[ Wed May 22 14:31:49 2024 ] [ [ helix ] Name Added ]
[ Wed May 22 14:31:59 2024 ] [ [ helix ] Requested Client list ]
[ Wed May 22 14:32:02 2024 ] [ Client connected: IP - 127.0.0.1 , FD - 6 ]
[ Wed May 22 14:32:05 2024 ] [ [ belix ] Name Added ]
[ Wed May 22 14:32:07 2024 ] [ [ belix ] Requested Client list ]
[ Wed May 22 14:32:11 2024 ] [ [ belix --> helix ] connecting request ]
[ Wed May 22 14:32:11 2024 ] [ [  belix --> helix ] connection established ]
[ Wed May 22 14:32:16 2024 ] [ [ belix ---> helix ] disconnected with bye msg ... ]
[ Wed May 22 14:32:16 2024 ] [ [ belix ---> helix ] chat over with ]
[ Wed May 22 14:32:17 2024 ] [ [ belix ] sent invalid command ]
[ Wed May 22 14:32:19 2024 ] [ [ helix ] sent invalid command ]
[ Wed May 22 14:32:20 2024 ] [ [ helix ] sent invalid command ]
[ Wed May 22 14:32:20 2024 ] [ [ helix ] sent invalid command ]
[ Wed May 22 14:32:20 2024 ] [ [ helix ] sent invalid command ]
[ Wed May 22 14:32:21 2024 ] [ [ helix ] sent invalid command ]
[ Wed May 22 14:32:21 2024 ] [ [ helix ] sent invalid command ]
[ Wed May 22 14:32:22 2024 ] [ [ helix ] sent invalid command ]
[ Wed May 22 14:32:23 2024 ] [ [ helix ] Terminate msg received ]
[ Wed May 22 14:32:23 2024 ] [ [ helix ] Client disconnected... ]
[ Wed May 22 14:32:27 2024 ] [ [ belix ] Terminate msg received ]
[ Wed May 22 14:32:27 2024 ] [ [ belix ] Client disconnected... ]
[ Wed May 22 14:32:32 2024 ] [ SERVER TURNED OFF ]
[ Wed May 22 16:27:29 2024 ] [ SERVER STARTED ]
[ Wed May 22 16:27:34 2024 ] [ Client connected: IP - 127.0.0.1 , FD - 5 ]
[ Wed May 22 16:27:36 2024 ] [ [ jigar ] Name Added ]
[ Wed May 22 16:27:40 2024 ] [ Client connected: IP - 127.0.0.1 , FD - 6 ]
[ Wed May 22 16:27:41 2024 ] [ [ suresh ] Name Added ]
[ Wed May 22 16:27:44 2024 ] [ [ suresh ] Requested Client list ]
[ Wed May 22 16:27:47 2024 ] [ [ suresh ] Trying to connect with itself ]
[ Wed May 22 16:27:52 2024 ] [ [ suresh --> jigar ] connecting request ]
[ Wed May 22 16:27:52 2024 ] [ [  suresh --> jigar ] connection established ]
[ Wed May 22 16:28:30 2024 ] [ [ suresh ---> jigar ] disconnected with bye msg ... ]
[ Wed May 22 16:28:30 2024 ] [ [ suresh ---> jigar ] chat over with ]
[ Wed May 22 16:28:36 2024 ] [ [ suresh ] sent invalid command ]
[ Wed May 22 16:28:37 2024 ] [ [ suresh ] sent invalid command ]
[ Wed May 22 16:28:39 2024 ] [ [ suresh ] Requested Client list ]
[ Wed May 22 16:28:41 2024 ] [ [ jigar ] sent invalid command ]
[ Wed May 22 16:28:43 2024 ] [ [ jigar ] sent invalid command ]
[ Wed May 22 16:28:45 2024 ] [ [ jigar ] Requested Client list ]
[ Wed May 22 16:28:49 2024 ] [ [ jigar --> suresh ] connecting request ]
[ Wed May 22 16:28:49 2024 ] [ [  jigar --> suresh ] connection established ]
[ Wed May 22 16:29:03 2024 ] [ [ jigar ] Terminate msg fron client while busy ]
[ Wed May 22 16:29:03 2024 ] [ [ jigar ---> suresh ] chat over ]
[ Wed May 22 16:29:03 2024 ] [ [ jigar ] NULL Bytes Received ]
[ Wed May 22 16:29:03 2024 ] [ [ jigar ] Client disconnected... ]
[ Wed May 22 16:29:06 2024 ] [ Client connected: IP - 127.0.0.1 , FD - 5 ]
[ Wed May 22 16:29:08 2024 ] [ [ ramesh ] Name Added ]
[ Wed May 22 16:29:09 2024 ] [ [ ramesh ] Requested Client list ]
[ Wed May 22 16:29:11 2024 ] [ [ suresh ] sent invalid command ]
[ Wed May 22 16:29:13 2024 ] [ [ suresh ] Requested Client list ]
[ Wed May 22 16:29:14 2024 ] [ [ suresh ] sent invalid command ]
[ Wed May 22 16:29:17 2024 ] [ [ suresh ] Trying to connect with itself ]
[ Wed May 22 16:29:20 2024 ] [ [ suresh --> ramesh ] connecting request ]
[ Wed May 22 16:29:20 2024 ] [ [  suresh --> ramesh ] connection established ]
[ Wed May 22 16:29:24 2024 ] [ [ ramesh ---> suresh ] disconnected with bye msg ... ]
[ Wed May 22 16:29:24 2024 ] [ [ ramesh ---> suresh ] chat over with ]
[ Wed May 22 16:29:26 2024 ] [ [ ramesh ] Requested Client list ]
[ Wed May 22 16:29:29 2024 ] [ [ ramesh ] Terminate msg received ]
[ Wed May 22 16:29:29 2024 ] [ [ ramesh ] Client disconnected... ]
[ Wed May 22 16:30:39 2024 ] [ Client connected: IP - 127.0.0.1 , FD - 5 ]
[ Wed May 22 16:30:42 2024 ] [ [ suresh ] sent invalid command ]
[ Wed May 22 16:30:47 2024 ] [ [ suresh ] Requested Client list ]
[ Wed May 22 16:30:49 2024 ] [ [ suresh ] Name Already Exist ]
[ Wed May 22 16:30:52 2024 ] [ [ suresh ] Name Already Exist ]
[ Wed May 22 16:30:54 2024 ] [ [ navin ] Name Added ]
[ Wed May 22 16:31:06 2024 ] [ [ suresh ] Terminate msg received ]
[ Wed May 22 16:31:06 2024 ] [ [ suresh ] Client disconnected... ]
[ Wed May 22 16:31:17 2024 ] [ [ navin ] sent invalid command ]
[ Wed May 22 16:31:18 2024 ] [ [ navin ] Terminate msg received ]
[ Wed May 22 16:31:18 2024 ] [ [ navin ] Client disconnected... ]
[ Wed May 22 16:31:20 2024 ] [ SERVER TURNED OFF ]
[ Wed May 22 17:23:39 2024 ] [ SERVER STARTED ]
[ Wed May 22 17:23:57 2024 ] [ Client connected: IP - 127.0.0.1 , FD - 5 ]
[ Wed May 22 17:23:59 2024 ] [ Client connected: IP - 127.0.0.1 , FD - 6 ]
[ Wed May 22 17:24:01 2024 ] [ [ suresh ] Name Added ]
[ Wed May 22 17:24:03 2024 ] [ [ mahesh ] Name Added ]
[ Wed May 22 17:24:04 2024 ] [ [ mahesh ] sent invalid command ]
[ Wed May 22 17:24:07 2024 ] [ [ mahesh ] Requested Client list ]
[ Wed May 22 17:24:10 2024 ] [ [ suresh ] Requested Client list ]
[ Wed May 22 17:24:14 2024 ] [ [ suresh ] Trying to connect with itself ]
[ Wed May 22 17:24:17 2024 ] [ [ suresh --> mahesh ] connecting request ]
[ Wed May 22 17:24:17 2024 ] [ [  suresh --> mahesh ] connection established ]
[ Wed May 22 17:24:32 2024 ] [ [ mahesh ] Terminate msg fron client while busy ]
[ Wed May 22 17:24:32 2024 ] [ [ mahesh ---> suresh ] chat over ]
[ Wed May 22 17:24:32 2024 ] [ [ mahesh ] NULL Bytes Received ]
[ Wed May 22 17:24:32 2024 ] [ [ mahesh ] Client disconnected... ]
[ Wed May 22 17:26:41 2024 ] [ [ suresh ] Client disconnected... ]
[ Wed May 22 17:26:41 2024 ] [ SERVER TURNED OFF ]
[ Wed May 22 17:26:44 2024 ] [ SERVER STARTED ]
[ Wed May 22 17:26:50 2024 ] [ Client connected: IP - 127.0.0.1 , FD - 5 ]
[ Wed May 22 17:26:52 2024 ] [ Client connected: IP - 127.0.0.1 , FD - 6 ]
[ Wed May 22 17:26:53 2024 ] [ [ suresh ] Name Added ]
[ Wed May 22 17:26:55 2024 ] [ [ mahesh ] Name Added ]
[ Wed May 22 17:26:56 2024 ] [ [ mahesh ] Requested Client list ]
[ Wed May 22 17:27:00 2024 ] [ [ mahesh ] Trying to connect with itself ]
[ Wed May 22 17:27:03 2024 ] [ [ mahesh ] Trying to connect client with no name ]
[ Wed May 22 17:27:07 2024 ] [ [ mahesh --> suresh ] connecting request ]
[ Wed May 22 17:27:07 2024 ] [ [  mahesh --> suresh ] connection established ]
[ Wed May 22 17:27:16 2024 ] [ [ mahesh ---> suresh ] disconnected with bye msg ... ]
[ Wed May 22 17:27:16 2024 ] [ [ mahesh ---> suresh ] chat over with ]
[ Wed May 22 17:27:19 2024 ] [ [ mahesh ] sent invalid command ]
[ Wed May 22 17:27:21 2024 ] [ [ suresh ] sent invalid command ]
[ Wed May 22 17:27:22 2024 ] [ [ suresh ] sent invalid command ]
[ Wed May 22 17:27:24 2024 ] [ [ suresh ] sent invalid command ]
[ Wed May 22 17:27:24 2024 ] [ [ suresh ] sent invalid command ]
[ Wed May 22 17:27:25 2024 ] [ [ suresh ] sent invalid command ]
[ Wed May 22 17:27:25 2024 ] [ [ suresh ] sent invalid command ]
[ Wed May 22 17:27:26 2024 ] [ [ suresh ] sent invalid command ]
[ Wed May 22 17:27:26 2024 ] [ [ suresh ] sent invalid command ]
[ Wed May 22 17:27:27 2024 ] [ [ suresh ] sent invalid command ]
[ Wed May 22 17:27:27 2024 ] [ [ suresh ] sent invalid command ]
[ Wed May 22 17:27:28 2024 ] [ [ suresh ] sent invalid command ]
[ Wed May 22 17:27:28 2024 ] [ [ suresh ] sent invalid command ]
[ Wed May 22 17:27:29 2024 ] [ [ suresh ] sent invalid command ]
[ Wed May 22 17:28:40 2024 ] [ [ suresh ] Requested Client list ]
[ Wed May 22 17:28:43 2024 ] [ [ suresh ] sent invalid command ]
[ Wed May 22 17:28:45 2024 ] [ [ suresh ] Terminate msg received ]
[ Wed May 22 17:28:45 2024 ] [ [ suresh ] Client disconnected... ]
[ Wed May 22 17:29:00 2024 ] [ Client connected: IP - 127.0.0.1 , FD - 6 ]
[ Wed May 22 17:29:02 2024 ] [ [ suresh ] Name Added ]
[ Wed May 22 17:29:04 2024 ] [ [ suresh ] Requested Client list ]
[ Wed May 22 17:29:06 2024 ] [ [ suresh --> mahesh ] connecting request ]
[ Wed May 22 17:29:06 2024 ] [ [  suresh --> mahesh ] connection established ]
[ Wed May 22 17:29:11 2024 ] [ [ suresh ] Terminate msg fron client while busy ]
[ Wed May 22 17:29:11 2024 ] [ [ suresh ---> mahesh ] chat over ]
[ Wed May 22 17:29:11 2024 ] [ [ suresh ] NULL Bytes Received ]
[ Wed May 22 17:29:11 2024 ] [ [ suresh ] Client disconnected... ]
[ Wed May 22 17:30:03 2024 ] [ [ mahesh ] Terminate msg received ]
[ Wed May 22 17:30:03 2024 ] [ [ mahesh ] Client disconnected... ]
[ Wed May 22 18:00:01 2024 ] [ SERVER TURNED OFF ]
[ Wed May 22 18:00:11 2024 ] [ SERVER STARTED ]
[ Wed May 22 18:00:15 2024 ] [ Client connected: IP - 127.0.0.1 , FD - 5 ]
[ Wed May 22 18:00:25 2024 ] [ [ jigar ] Name Added ]
[ Wed May 22 18:00:32 2024 ] [ [ jigar ] sent invalid command ]
[ Wed May 22 18:00:32 2024 ] [ [ jigar ] sent invalid command ]
[ Wed May 22 18:00:38 2024 ] [ [ jigar ] Requested Client list ]
[ Wed May 22 18:00:43 2024 ] [ [ jigar --> jiagr ] connecting request ]
[ Wed May 22 18:00:43 2024 ] [ [ jiagr ] User not found ]
[ Wed May 22 18:00:54 2024 ] [ [ jigar ] Trying to connect with itself ]
[ Wed May 22 18:00:58 2024 ] [ Client connected: IP - 127.0.0.1 , FD - 6 ]
[ Wed May 22 18:01:00 2024 ] [ [ mahesh ] Name Added ]
[ Wed May 22 18:01:03 2024 ] [ [ mahesh ] Requested Client list ]
[ Wed May 22 18:01:12 2024 ] [ [ mahesh ] Trying to connect with itself ]
[ Wed May 22 18:01:16 2024 ] [ [ mahesh --> jigar ] connecting request ]
[ Wed May 22 18:01:16 2024 ] [ [  mahesh --> jigar ] connection established ]
[ Wed May 22 18:01:29 2024 ] [ [ jigar ---> mahesh ] disconnected with bye msg ... ]
[ Wed May 22 18:01:29 2024 ] [ [ jigar ---> mahesh ] chat over with ]
[ Wed May 22 18:01:37 2024 ] [ [ jigar ] sent invalid command ]
[ Wed May 22 18:01:38 2024 ] [ [ jigar ] sent invalid command ]
[ Wed May 22 18:01:41 2024 ] [ [ jigar ] Requested Client list ]
[ Wed May 22 18:01:43 2024 ] [ Client connected: IP - 127.0.0.1 , FD - 7 ]
[ Wed May 22 18:01:48 2024 ] [ [ aekam ] Name Added ]
[ Wed May 22 18:01:52 2024 ] [ [ jigar ] Requested Client list ]
[ Wed May 22 18:02:04 2024 ] [ [ aekam ] Requested Client list ]
[ Wed May 22 18:02:07 2024 ] [ [ aekam --> jigar ] connecting request ]
[ Wed May 22 18:02:07 2024 ] [ [  aekam --> jigar ] connection established ]
[ Wed May 22 18:02:32 2024 ] [ [ jigar ] Terminate msg fron client while busy ]
[ Wed May 22 18:02:32 2024 ] [ [ jigar ---> aekam ] chat over ]
[ Wed May 22 18:02:32 2024 ] [ [ jigar ] NULL Bytes Received ]
[ Wed May 22 18:02:32 2024 ] [ [ jigar ] Client disconnected... ]
[ Wed May 22 18:02:40 2024 ] [ [ aekam ] sent invalid command ]
[ Wed May 22 18:02:40 2024 ] [ [ aekam ] sent invalid command ]
[ Wed May 22 18:02:41 2024 ] [ [ aekam ] Requested Client list ]
[ Wed May 22 18:02:46 2024 ] [ [ aekam --> mahes ] connecting request ]
[ Wed May 22 18:02:46 2024 ] [ [ mahes ] User not found ]
[ Wed May 22 18:02:52 2024 ] [ [ aekam --> mahesh ] connecting request ]
[ Wed May 22 18:02:52 2024 ] [ [  aekam --> mahesh ] connection established ]
[ Wed May 22 18:10:49 2024 ] [ [ aekam ] Terminate msg fron client while busy ]
[ Wed May 22 18:10:49 2024 ] [ [ aekam ---> mahesh ] chat over ]
[ Wed May 22 18:10:49 2024 ] [ [ aekam ] NULL Bytes Received ]
[ Wed May 22 18:10:49 2024 ] [ [ aekam ] Client disconnected... ]
[ Wed May 22 18:10:53 2024 ] [ [ mahesh ] Terminate msg received ]
[ Wed May 22 18:10:53 2024 ] [ [ mahesh ] Client disconnected... ]
[ Wed May 22 18:11:00 2024 ] [ SERVER TURNED OFF ]
[ Wed May 22 20:23:11 2024 ] [ SERVER STARTED ]
[ Wed May 22 20:23:22 2024 ] [ Client connected: IP - 127.0.0.1 , FD - 5 ]
[ Wed May 22 20:23:27 2024 ] [ [ mahesh ] Name Added ]
[ Wed May 22 20:23:35 2024 ] [ Client connected: IP - 127.0.0.1 , FD - 6 ]
[ Wed May 22 20:23:37 2024 ] [ [ suresh ] Name Added ]
[ Wed May 22 20:23:40 2024 ] [ [ suresh ] Requested Client list ]
[ Wed May 22 20:23:44 2024 ] [ Client connected: IP - 127.0.0.1 , FD - 7 ]
[ Wed May 22 20:23:47 2024 ] [ Client connected: IP - 127.0.0.1 , FD - 8 ]
[ Wed May 22 20:23:49 2024 ] [ [ ramesh ] Name Added ]
[ Wed May 22 20:23:52 2024 ] [ Client connected: IP - 127.0.0.1 , FD - 9 ]
[ Wed May 22 20:23:55 2024 ] [ [ henky ] Name Added ]
[ Wed May 22 20:24:00 2024 ] [ Client connected: IP - 127.0.0.1 , FD - 10 ]
[ Wed May 22 20:24:06 2024 ] [ [ henky ] Requested Client list ]
[ Wed May 22 20:24:27 2024 ] [ [ master ] Name Added ]
[ Wed May 22 20:24:30 2024 ] [ [ suresh ] Requested Client list ]
[ Wed May 22 20:24:35 2024 ] [ [ suresh --> mahesh ] connecting request ]
[ Wed May 22 20:24:35 2024 ] [ [  suresh --> mahesh ] connection established ]
[ Wed May 22 20:24:54 2024 ] [ [ master ] Trying to connect with itself ]
[ Wed May 22 20:24:58 2024 ] [ [ master --> suresh ] connecting request ]
[ Wed May 22 20:24:58 2024 ] [ [ suresh ] is busy right now ]
[ Wed May 22 20:25:03 2024 ] [ [ master --> mahesh ] connecting request ]
[ Wed May 22 20:25:03 2024 ] [ [ mahesh ] is busy right now ]
[ Wed May 22 20:25:10 2024 ] [ [ master ] Requested Client list ]
[ Wed May 22 20:25:13 2024 ] [ [ master --> henky ] connecting request ]
[ Wed May 22 20:25:13 2024 ] [ [  master --> henky ] connection established ]
[ Wed May 22 20:25:16 2024 ] [ [ master ] Terminate msg fron client while busy ]
[ Wed May 22 20:25:16 2024 ] [ [ master ---> henky ] chat over ]
[ Wed May 22 20:25:16 2024 ] [ [ master ] NULL Bytes Received ]
[ Wed May 22 20:25:16 2024 ] [ [ master ] Client disconnected... ]
[ Wed May 22 20:25:25 2024 ] [ [ henky ] sent invalid command ]
[ Wed May 22 20:25:26 2024 ] [ [ henky ] Requested Client list ]
[ Wed May 22 20:25:31 2024 ] [ [ henky --> mahesh ] connecting request ]
[ Wed May 22 20:25:31 2024 ] [ [ mahesh ] is busy right now ]
[ Wed May 22 20:25:33 2024 ] [ [ henky ] sent invalid command ]
[ Wed May 22 20:25:33 2024 ] [ [ henky ] sent invalid command ]
[ Wed May 22 20:25:35 2024 ] [ [ henky ] Requested Client list ]
[ Wed May 22 20:25:39 2024 ] [ [ henky ] Terminate msg received ]
[ Wed May 22 20:25:39 2024 ] [ [ henky ] Client disconnected... ]
[ Wed May 22 20:25:45 2024 ] [ [ mahesh ] Terminate msg fron client while busy ]
[ Wed May 22 20:25:45 2024 ] [ [ mahesh ---> suresh ] chat over ]
[ Wed May 22 20:25:45 2024 ] [ [ mahesh ] NULL Bytes Received ]
[ Wed May 22 20:25:45 2024 ] [ [ mahesh ] Client disconnected... ]
[ Wed May 22 20:25:47 2024 ] [ [ suresh ] Terminate msg received ]
[ Wed May 22 20:25:47 2024 ] [ [ suresh ] Client disconnected... ]
[ Wed May 22 20:25:54 2024 ] [ [ unknown ] Terminate msg received ]
[ Wed May 22 20:25:54 2024 ] [ [ unknown ] Client disconnected... ]
[ Wed May 22 20:26:01 2024 ] [ [ ramesh ] Terminate msg received ]
[ Wed May 22 20:26:01 2024 ] [ [ ramesh ] Client disconnected... ]
[ Wed May 22 20:26:04 2024 ] [ SERVER TURNED OFF ]
[ Wed May 22 20:26:06 2024 ] [ SERVER STARTED ]
[ Wed May 22 20:26:06 2024 ] [ SERVER TURNED OFF ]
